<?xml version="1.0" encoding="UTF-8"?>
<testsuite xmlns:xsi="http://www.w3.org/2001/XMLSchema-instance" xsi:noNamespaceSchemaLocation="https://maven.apache.org/surefire/maven-surefire-plugin/xsd/surefire-test-report-3.0.xsd" version="3.0" name="runners.RunnerTest" time="40.78" tests="1" errors="0" skipped="0" failures="0">
  <properties>
[...]
</properties>
  <testcase name="runScenario[&quot;Add one quantity from store&quot;, &quot;Add to cart functionality&quot;](1)" classname="runners.RunnerTest" time="38.387">
    <system-out><![CDATA[
Scenario: Add one quantity from store               &amp#27;[90m# src/test/resources/features/AddProductToCart.feature:4&amp#27;[0m
  &amp#27;[32mGiven &amp#27;[0m&amp#27;[32mI am on the store page&amp#27;[0m                      &amp#27;[90m# stepdefinitions.AddToCartSteps.i_am_in_the_store_page()&amp#27;[0m
  &amp#27;[32mWhen &amp#27;[0m&amp#27;[32mI add a &amp#27;[0m&amp#27;[32m&amp#27;[1m"Blue Shoes"&amp#27;[0m&amp#27;[32m to the cart&amp#27;[0m             &amp#27;[90m# stepdefinitions.AddToCartSteps.i_add_a_to_the_cart(pojos.Product)&amp#27;[0m
  &amp#27;[32mThen &amp#27;[0m&amp#27;[32mI should see &amp#27;[0m&amp#27;[32m&amp#27;[1m1&amp#27;[0m&amp#27;[32m &amp#27;[0m&amp#27;[32m&amp#27;[1m"Blue Shoes"&amp#27;[0m&amp#27;[32m in the cart page&amp#27;[0m &amp#27;[90m# stepdefinitions.AddToCartSteps.i_should_see_in_the_cart_page(java.lang.Integer,pojos.Product)&amp#27;[0m
]]></system-out>
    <system-err><![CDATA[SLF4J(W): No SLF4J providers were found.
SLF4J(W): Defaulting to no-operation (NOP) logger implementation
SLF4J(W): See https://www.slf4j.org/codes.html#noProviders for further details.
]]></system-err>
  </testcase>
</testsuite>