<?xml version="1.0" encoding="UTF-8"?>
<testng-results ignored="0" total="3" passed="3" failed="0" skipped="0">
  <reporter-output>
  </reporter-output>
  <suite started-at="2025-04-11T18:24:47 IST" name="Default suite" finished-at="2025-04-11T18:25:44 IST" duration-ms="56500">
    <groups>
      <group name="cucumber">
        <method signature="AbstractTestNGCucumberTests.runScenario(io.cucumber.testng.PickleWrapper,io.cucumber.testng.FeatureWrapper)[pri:0, instance:runners.RunnerTest@24aed80c]" name="runScenario" class="io.cucumber.testng.AbstractTestNGCucumberTests"/>
      </group> <!-- cucumber -->
    </groups>
    <test started-at="2025-04-11T18:24:47 IST" name="Default test" finished-at="2025-04-11T18:25:44 IST" duration-ms="56500">
      <class name="runners.RunnerTest">
        <test-method is-config="true" signature="setUpClass(org.testng.ITestContext)[pri:0, instance:runners.RunnerTest@24aed80c]" started-at="2025-04-11T18:24:47 IST" name="setUpClass" finished-at="2025-04-11T18:24:49 IST" duration-ms="1328" status="PASS">
          <params>
            <param index="0">
              <value>
                <![CDATA[org.testng.TestRunner@517bd097]]>
              </value>
            </param>
          </params>
          <reporter-output>
          </reporter-output>
        </test-method> <!-- setUpClass -->
        <test-method signature="runScenario(io.cucumber.testng.PickleWrapper,io.cucumber.testng.FeatureWrapper)[pri:0, instance:runners.RunnerTest@24aed80c]" started-at="2025-04-11T18:24:49 IST" name="runScenario" description="Runs Cucumber Scenarios" data-provider="scenarios" finished-at="2025-04-11T18:25:42 IST" duration-ms="53152" status="PASS">
          <params>
            <param index="0">
              <value>
                <![CDATA["Add one quantity from store example"]]>
              </value>
            </param>
            <param index="1">
              <value>
                <![CDATA["Add to cart functionality"]]>
              </value>
            </param>
          </params>
          <reporter-output>
          </reporter-output>
        </test-method> <!-- runScenario -->
        <test-method signature="runScenario(io.cucumber.testng.PickleWrapper,io.cucumber.testng.FeatureWrapper)[pri:0, instance:runners.RunnerTest@24aed80c]" started-at="2025-04-11T18:24:49 IST" name="runScenario" description="Runs Cucumber Scenarios" data-provider="scenarios" finished-at="2025-04-11T18:25:43 IST" duration-ms="54036" status="PASS">
          <params>
            <param index="0">
              <value>
                <![CDATA["Add one quantity from store example"]]>
              </value>
            </param>
            <param index="1">
              <value>
                <![CDATA["Add to cart functionality"]]>
              </value>
            </param>
          </params>
          <reporter-output>
          </reporter-output>
        </test-method> <!-- runScenario -->
        <test-method signature="runScenario(io.cucumber.testng.PickleWrapper,io.cucumber.testng.FeatureWrapper)[pri:0, instance:runners.RunnerTest@24aed80c]" started-at="2025-04-11T18:24:49 IST" name="runScenario" description="Runs Cucumber Scenarios" data-provider="scenarios" finished-at="2025-04-11T18:25:44 IST" duration-ms="54992" status="PASS">
          <params>
            <param index="0">
              <value>
                <![CDATA["Add one quantity from store"]]>
              </value>
            </param>
            <param index="1">
              <value>
                <![CDATA["Add to cart functionality"]]>
              </value>
            </param>
          </params>
          <reporter-output>
          </reporter-output>
        </test-method> <!-- runScenario -->
        <test-method is-config="true" signature="tearDownClass()[pri:0, instance:runners.RunnerTest@24aed80c]" started-at="2025-04-11T18:25:44 IST" name="tearDownClass" finished-at="2025-04-11T18:25:44 IST" duration-ms="67" status="PASS">
          <reporter-output>
          </reporter-output>
        </test-method> <!-- tearDownClass -->
      </class> <!-- runners.RunnerTest -->
    </test> <!-- Default test -->
  </suite> <!-- Default suite -->
</testng-results>
